[IMAGE GENERATION] 電子書籍用画像を23枚生成します


============================================================
[1/23] ch1_header.png を生成中...
============================================================
[ERROR] ch1_header.png 生成失敗
エラー: 

============================================================
[2/23] ch1_img1.png を生成中...
============================================================
[ERROR] ch1_img1.png 生成失敗
エラー: 

============================================================
[3/23] ch1_img2.png を生成中...
============================================================
[ERROR] ch1_img2.png 生成失敗
エラー: 

============================================================
[4/23] ch1_img3.png を生成中...
============================================================
[ERROR] ch1_img3.png 生成失敗
エラー: 

============================================================
[5/23] ch2_header.png を生成中...
============================================================
[ERROR] ch2_header.png 生成失敗
エラー: 

============================================================
[6/23] ch2_img1.png を生成中...
============================================================
[ERROR] ch2_img1.png 生成失敗
エラー: 

============================================================
[7/23] ch2_img2.png を生成中...
============================================================
[ERROR] ch2_img2.png 生成失敗
エラー: 

============================================================
[8/23] ch2_img3.png を生成中...
============================================================
[ERROR] ch2_img3.png 生成失敗
エラー: 

============================================================
[9/23] ch2_img4.png を生成中...
============================================================
[ERROR] ch2_img4.png 生成失敗
エラー: 

============================================================
[10/23] ch3_header.png を生成中...
============================================================
[ERROR] ch3_header.png 生成失敗
エラー: 

============================================================
[11/23] ch3_img1.png を生成中...
============================================================
[ERROR] ch3_img1.png 生成失敗
エラー: 

============================================================
[12/23] ch3_img2.png を生成中...
============================================================
[ERROR] ch3_img2.png 生成失敗
エラー: 

============================================================
[13/23] ch3_img3.png を生成中...
============================================================
[ERROR] ch3_img3.png 生成失敗
エラー: 

============================================================
[14/23] ch3_img4.png を生成中...
============================================================
[ERROR] ch3_img4.png 生成失敗
エラー: 

============================================================
[15/23] ch4_header.png を生成中...
============================================================
[ERROR] ch4_header.png 生成失敗
エラー: 

============================================================
[16/23] ch4_img1.png を生成中...
============================================================
[ERROR] ch4_img1.png 生成失敗
エラー: 

============================================================
[17/23] ch4_img2.png を生成中...
============================================================
[ERROR] ch4_img2.png 生成失敗
エラー: 

============================================================
[18/23] ch4_img3.png を生成中...
============================================================
[ERROR] ch4_img3.png 生成失敗
エラー: 

============================================================
[19/23] ch5_header.png を生成中...
============================================================
[ERROR] ch5_header.png 生成失敗
エラー: 

============================================================
[20/23] ch5_img1.png を生成中...
============================================================
[ERROR] ch5_img1.png 生成失敗
エラー: 

============================================================
[21/23] ch5_img2.png を生成中...
============================================================
[ERROR] ch5_img2.png 生成失敗
エラー: 

============================================================
[22/23] ch5_img3.png を生成中...
============================================================
[ERROR] ch5_img3.png 生成失敗
エラー: 

============================================================
[23/23] ch5_img4.png を生成中...
============================================================
[ERROR] ch5_img4.png 生成失敗
エラー: 

============================================================
[COMPLETE] すべての画像生成が完了しました
============================================================
